{
  "stats": {
    "suites": 1,
    "tests": 4,
    "passes": 4,
    "pending": 0,
    "failures": 0,
    "start": "2020-10-29T07:54:38.268Z",
    "end": "2020-10-29T07:54:41.775Z",
    "duration": 3507,
    "testsRegistered": 4,
    "passPercent": 100,
    "pendingPercent": 0,
    "other": 0,
    "hasOther": false,
    "skipped": 0,
    "hasSkipped": false
  },
  "results": [
    {
      "uuid": "945e361d-9c1c-4e7b-924f-b44f936eb0fc",
      "title": "",
      "fullFile": "cypress/integration/testsuite/regression-test-suite.spec.js",
      "file": "cypress/integration/testsuite/regression-test-suite.spec.js",
      "beforeHooks": [],
      "afterHooks": [],
      "tests": [],
      "suites": [
        {
          "uuid": "3f850a46-46d4-45e2-8347-31abb1d763d0",
          "title": "Regression test suite",
          "fullFile": "",
          "file": "",
          "beforeHooks": [],
          "afterHooks": [],
          "tests": [
            {
              "title": "Perform valid login",
              "fullTitle": "Regression test suite Perform valid login",
              "timedOut": null,
              "duration": 1622,
              "state": "passed",
              "speed": "slow",
              "pass": true,
              "fail": false,
              "pending": false,
              "context": null,
              "code": "cy.visit('http://localhost:3000');\ncy.title().should('include', 'Hotel');\ncy.contains('Login');\ncy.get(':nth-child(1) > input').type('Admin');\ncy.get(':nth-child(2) > input').type('Ultimate6');\ncy.get('.btn').click();\ncy.contains('Tester Hotel Overview');\ncy.get('.user > .btn').click();\ncy.contains('Login');",
              "err": {},
              "uuid": "93b6160e-0212-4b4e-ab3d-6b1f23c4d9a7",
              "parentUUID": "3f850a46-46d4-45e2-8347-31abb1d763d0",
              "isHook": false,
              "skipped": false
            },
            {
              "title": "creat new client",
              "fullTitle": "Regression test suite creat new client",
              "timedOut": null,
              "duration": 155,
              "state": "passed",
              "speed": "slow",
              "pass": true,
              "fail": false,
              "pending": false,
              "context": null,
              "code": "cy.visit('http://localhost:3000');",
              "err": {},
              "uuid": "16d4039a-19df-47f4-849a-a7a1139c7374",
              "parentUUID": "3f850a46-46d4-45e2-8347-31abb1d763d0",
              "isHook": false,
              "skipped": false
            },
            {
              "title": "Edit a client",
              "fullTitle": "Regression test suite Edit a client",
              "timedOut": null,
              "duration": 144,
              "state": "passed",
              "speed": "slow",
              "pass": true,
              "fail": false,
              "pending": false,
              "context": null,
              "code": "cy.visit('http://localhost:3000');",
              "err": {},
              "uuid": "0ac1c6ae-8f63-4160-91cb-83c095677458",
              "parentUUID": "3f850a46-46d4-45e2-8347-31abb1d763d0",
              "isHook": false,
              "skipped": false
            },
            {
              "title": "Remove a client",
              "fullTitle": "Regression test suite Remove a client",
              "timedOut": null,
              "duration": 163,
              "state": "passed",
              "speed": "slow",
              "pass": true,
              "fail": false,
              "pending": false,
              "context": null,
              "code": "cy.visit('http://localhost:3000');",
              "err": {},
              "uuid": "4df1297a-5189-4571-a28c-885d0bbaaf23",
              "parentUUID": "3f850a46-46d4-45e2-8347-31abb1d763d0",
              "isHook": false,
              "skipped": false
            }
          ],
          "suites": [],
          "passes": [
            "93b6160e-0212-4b4e-ab3d-6b1f23c4d9a7",
            "16d4039a-19df-47f4-849a-a7a1139c7374",
            "0ac1c6ae-8f63-4160-91cb-83c095677458",
            "4df1297a-5189-4571-a28c-885d0bbaaf23"
          ],
          "failures": [],
          "pending": [],
          "skipped": [],
          "duration": 2084,
          "root": false,
          "rootEmpty": false,
          "_timeout": 2000
        }
      ],
      "passes": [],
      "failures": [],
      "pending": [],
      "skipped": [],
      "duration": 0,
      "root": true,
      "rootEmpty": true,
      "_timeout": 2000
    }
  ],
  "meta": {
    "mocha": {
      "version": "7.0.1"
    },
    "mochawesome": {
      "options": {
        "quiet": false,
        "reportFilename": "mochawesome",
        "saveHtml": true,
        "saveJson": true,
        "consoleReporter": "spec",
        "useInlineDiffs": false,
        "code": true
      },
      "version": "6.1.1"
    },
    "marge": {
      "options": null,
      "version": "5.1.0"
    }
  }
}