{
  "stats": {
    "suites": 1,
    "tests": 6,
    "passes": 6,
    "pending": 0,
    "failures": 0,
    "start": "2020-10-29T11:20:40.669Z",
    "end": "2020-10-29T11:20:51.270Z",
    "duration": 10601,
    "testsRegistered": 6,
    "passPercent": 100,
    "pendingPercent": 0,
    "other": 0,
    "hasOther": false,
    "skipped": 0,
    "hasSkipped": false
  },
  "results": [
    {
      "uuid": "90915778-483f-412c-a0ad-f32b06853d43",
      "title": "",
      "fullFile": "cypress/integration/regression-page-objects.spec.js",
      "file": "cypress/integration/regression-page-objects.spec.js",
      "beforeHooks": [],
      "afterHooks": [],
      "tests": [],
      "suites": [
        {
          "uuid": "412e5d99-680b-48e5-b1a8-56de8098ba85",
          "title": "Test suite",
          "fullFile": "",
          "file": "",
          "beforeHooks": [],
          "afterHooks": [],
          "tests": [
            {
              "title": "Perform login and logout",
              "fullTitle": "Test suite Perform login and logout",
              "timedOut": null,
              "duration": 1571,
              "state": "passed",
              "speed": "slow",
              "pass": true,
              "fail": false,
              "pending": false,
              "context": null,
              "code": "indexFuncs.performValidLogin(cy, targets.username, targets.password, 'Tester Hotel Overview');\ndashBoardFuncs.performLogout(cy, 'Tester Hotel');",
              "err": {},
              "uuid": "23eb0170-e1b6-4951-abba-e3cb6d04e80a",
              "parentUUID": "412e5d99-680b-48e5-b1a8-56de8098ba85",
              "isHook": false,
              "skipped": false
            },
            {
              "title": "check \"visit rooms\" button ",
              "fullTitle": "Test suite check \"visit rooms\" button ",
              "timedOut": null,
              "duration": 1589,
              "state": "passed",
              "speed": "slow",
              "pass": true,
              "fail": false,
              "pending": false,
              "context": null,
              "code": "indexFuncs.performValidLogin(cy, targets.username, targets.password, 'Tester Hotel Overview');\nindexFuncs.checkRoomsButton(cy, 'Rooms');\ndashBoardFuncs.performLogout(cy, 'Tester Hotel');",
              "err": {},
              "uuid": "469a56a0-4429-4879-af26-0fad5f3b630d",
              "parentUUID": "412e5d99-680b-48e5-b1a8-56de8098ba85",
              "isHook": false,
              "skipped": false
            },
            {
              "title": "check \"Clients\" button ",
              "fullTitle": "Test suite check \"Clients\" button ",
              "timedOut": null,
              "duration": 1520,
              "state": "passed",
              "speed": "slow",
              "pass": true,
              "fail": false,
              "pending": false,
              "context": null,
              "code": "indexFuncs.performValidLogin(cy, targets.username, targets.password, 'Tester Hotel Overview');\nindexFuncs.checkClientsButton(cy, 'Clients');\ndashBoardFuncs.performLogout(cy, 'Tester Hotel');",
              "err": {},
              "uuid": "0a65559b-09d8-43a3-85e9-10c2e172f898",
              "parentUUID": "412e5d99-680b-48e5-b1a8-56de8098ba85",
              "isHook": false,
              "skipped": false
            },
            {
              "title": "check \"Bills\" button ",
              "fullTitle": "Test suite check \"Bills\" button ",
              "timedOut": null,
              "duration": 1504,
              "state": "passed",
              "speed": "slow",
              "pass": true,
              "fail": false,
              "pending": false,
              "context": null,
              "code": "indexFuncs.performValidLogin(cy, targets.username, targets.password, 'Tester Hotel Overview');\nindexFuncs.checkBillsButton(cy, 'Reservation');\ndashBoardFuncs.performLogout(cy, 'Tester Hotel');",
              "err": {},
              "uuid": "38361bcd-33ee-4619-92d6-c748d696ef26",
              "parentUUID": "412e5d99-680b-48e5-b1a8-56de8098ba85",
              "isHook": false,
              "skipped": false
            },
            {
              "title": "check \"Reservations\" button ",
              "fullTitle": "Test suite check \"Reservations\" button ",
              "timedOut": null,
              "duration": 1525,
              "state": "passed",
              "speed": "slow",
              "pass": true,
              "fail": false,
              "pending": false,
              "context": null,
              "code": "indexFuncs.performValidLogin(cy, targets.username, targets.password, 'Tester Hotel Overview');\nindexFuncs.checkReservationsButton(cy, 'Reservations');\ndashBoardFuncs.performLogout(cy, 'Tester Hotel');",
              "err": {},
              "uuid": "a3226d0e-d54a-499e-b2b9-ecba4bc5220c",
              "parentUUID": "412e5d99-680b-48e5-b1a8-56de8098ba85",
              "isHook": false,
              "skipped": false
            },
            {
              "title": "Perform logout",
              "fullTitle": "Test suite Perform logout",
              "timedOut": null,
              "duration": 1366,
              "state": "passed",
              "speed": "slow",
              "pass": true,
              "fail": false,
              "pending": false,
              "context": null,
              "code": "indexFuncs.performValidLogin(cy, targets.username, targets.password, 'Tester Hotel Overview');\ndashBoardFuncs.chechTitleOfDashboardPage(cy);\ndashBoardFuncs.performLogout(cy, 'Tester Hotel');",
              "err": {},
              "uuid": "abf8d857-7149-4d38-8b36-23c96ca00231",
              "parentUUID": "412e5d99-680b-48e5-b1a8-56de8098ba85",
              "isHook": false,
              "skipped": false
            }
          ],
          "suites": [],
          "passes": [
            "23eb0170-e1b6-4951-abba-e3cb6d04e80a",
            "469a56a0-4429-4879-af26-0fad5f3b630d",
            "0a65559b-09d8-43a3-85e9-10c2e172f898",
            "38361bcd-33ee-4619-92d6-c748d696ef26",
            "a3226d0e-d54a-499e-b2b9-ecba4bc5220c",
            "abf8d857-7149-4d38-8b36-23c96ca00231"
          ],
          "failures": [],
          "pending": [],
          "skipped": [],
          "duration": 9075,
          "root": false,
          "rootEmpty": false,
          "_timeout": 2000
        }
      ],
      "passes": [],
      "failures": [],
      "pending": [],
      "skipped": [],
      "duration": 0,
      "root": true,
      "rootEmpty": true,
      "_timeout": 2000
    }
  ],
  "meta": {
    "mocha": {
      "version": "7.0.1"
    },
    "mochawesome": {
      "options": {
        "quiet": false,
        "reportFilename": "mochawesome",
        "saveHtml": true,
        "saveJson": true,
        "consoleReporter": "spec",
        "useInlineDiffs": false,
        "code": true
      },
      "version": "6.1.1"
    },
    "marge": {
      "options": null,
      "version": "5.1.0"
    }
  }
}